2025-10-11 14:21:51,124 [INFO] Activator:176 - 


2025-10-11 14:21:51,126 [INFO] Activator:177 - !SESSION log4j initialized
2025-10-11 14:21:55,339 [INFO] LogOutputStream:77 - [STDOUT_REDIRECT] 
2025-10-11 14:21:58,026 [INFO] ApplicationProperties:184 - Using Application install path: C:\ST\STM32CubeIDE_1.18.0\STM32CubeIDE\plugins\com.st.stm32cube.common.mx_6.14.0.202502271554
2025-10-11 14:21:58,053 [INFO] DbMcusXml:78 - Set database path to: C:\ST\STM32CubeIDE_1.18.0\STM32CubeIDE\plugins\com.st.stm32cube.common.mx_6.14.0.202502271554\\db\/mcu/
2025-10-11 14:21:58,054 [INFO] ApiDb:274 - Set plugin database path to: C:\ST\STM32CubeIDE_1.18.0\STM32CubeIDE\plugins\com.st.stm32cube.common.mx_6.14.0.202502271554\\db\/plugins/boardmanager/
2025-10-11 14:21:58,054 [WARN] ApiDb:259 - Overriding images path with different value:  => C:\ST\STM32CubeIDE_1.18.0\STM32CubeIDE\plugins\com.st.stm32cube.common.mx_6.14.0.202502271554\\db\/plugins/mcufinder/images/
2025-10-11 14:21:58,062 [INFO] ApiDb:250 - Set database path to: C:\Users\varun.s.patil\.stmcufinder\plugins\mcufinder//mcu/
2025-10-11 14:21:58,063 [INFO] DbMcusAds:125 - Set database path to: C:\Users\varun.s.patil\.stmcufinder\plugins\mcufinder//mcu/
2025-10-11 14:21:58,065 [INFO] CrossReferenceDbSqlite:203 - Set database path to: C:\Users\varun.s.patil\.stmcufinder\plugins\mcufinder//mcu/cs/
2025-10-11 14:21:58,177 [INFO] RulesReader:64 - Compatibility file has been processed (301 Rules)
2025-10-11 14:21:58,320 [INFO] DbMcusXml:78 - Set database path to: C:\ST\STM32CubeIDE_1.18.0\STM32CubeIDE\plugins\com.st.stm32cube.common.mx_6.14.0.202502271554\\db\/mcu/
2025-10-11 14:21:58,320 [INFO] ApiDb:274 - Set plugin database path to: C:\ST\STM32CubeIDE_1.18.0\STM32CubeIDE\plugins\com.st.stm32cube.common.mx_6.14.0.202502271554\\db\/plugins/boardmanager/
2025-10-11 14:21:58,320 [INFO] ApiDb:261 - Set plugin images path to: C:\ST\STM32CubeIDE_1.18.0\STM32CubeIDE\plugins\com.st.stm32cube.common.mx_6.14.0.202502271554\\db\/plugins/mcufinder/images/
2025-10-11 14:21:58,321 [WARN] DbFile:41 - Overriding database path with different value: C:\Users\varun.s.patil\.stmcufinder\plugins\mcufinder/ => C:\Users\varun.s.patil\.stmcufinder\plugins\mcufinder
2025-10-11 14:21:58,321 [INFO] ApiDb:250 - Set database path to: C:\Users\varun.s.patil\.stmcufinder\plugins\mcufinder//mcu/
2025-10-11 14:21:58,321 [WARN] DbFile:41 - Overriding database path with different value: C:\Users\varun.s.patil\.stmcufinder\plugins\mcufinder/ => C:\Users\varun.s.patil\.stmcufinder\plugins\mcufinder
2025-10-11 14:21:58,321 [INFO] DbMcusAds:125 - Set database path to: C:\Users\varun.s.patil\.stmcufinder\plugins\mcufinder//mcu/
2025-10-11 14:21:58,321 [WARN] DbFile:41 - Overriding database path with different value: C:\Users\varun.s.patil\.stmcufinder\plugins\mcufinder/ => C:\Users\varun.s.patil\.stmcufinder\plugins\mcufinder
2025-10-11 14:21:58,321 [WARN] DbFile:41 - Overriding database path with different value: C:\Users\varun.s.patil\.stmcufinder\plugins\mcufinder/ => C:\Users\varun.s.patil\.stmcufinder\plugins\mcufinder
2025-10-11 14:21:58,321 [INFO] CrossReferenceDbSqlite:203 - Set database path to: C:\Users\varun.s.patil\.stmcufinder\plugins\mcufinder//mcu/cs/
2025-10-11 14:21:58,442 [INFO] MainPanel:272 - HeapMemory: 315621376
2025-10-11 14:21:58,550 [INFO] DbMcusXml:78 - Set database path to: C:\ST\STM32CubeIDE_1.18.0\STM32CubeIDE\plugins\com.st.stm32cube.common.mx_6.14.0.202502271554\\db\/mcu/
2025-10-11 14:21:58,550 [INFO] ApiDb:274 - Set plugin database path to: C:\ST\STM32CubeIDE_1.18.0\STM32CubeIDE\plugins\com.st.stm32cube.common.mx_6.14.0.202502271554\\db\/plugins/boardmanager/
2025-10-11 14:21:58,551 [INFO] ApiDb:261 - Set plugin images path to: C:\ST\STM32CubeIDE_1.18.0\STM32CubeIDE\plugins\com.st.stm32cube.common.mx_6.14.0.202502271554\\db\/plugins/mcufinder/images/
2025-10-11 14:21:58,552 [WARN] DbFile:41 - Overriding database path with different value: C:\Users\varun.s.patil\.stmcufinder\plugins\mcufinder/ => C:\Users\varun.s.patil\.stmcufinder\plugins\mcufinder
2025-10-11 14:21:58,552 [INFO] ApiDb:250 - Set database path to: C:\Users\varun.s.patil\.stmcufinder\plugins\mcufinder//mcu/
2025-10-11 14:21:58,552 [WARN] DbFile:41 - Overriding database path with different value: C:\Users\varun.s.patil\.stmcufinder\plugins\mcufinder/ => C:\Users\varun.s.patil\.stmcufinder\plugins\mcufinder
2025-10-11 14:21:58,552 [INFO] DbMcusAds:125 - Set database path to: C:\Users\varun.s.patil\.stmcufinder\plugins\mcufinder//mcu/
2025-10-11 14:21:58,552 [WARN] DbFile:41 - Overriding database path with different value: C:\Users\varun.s.patil\.stmcufinder\plugins\mcufinder/ => C:\Users\varun.s.patil\.stmcufinder\plugins\mcufinder
2025-10-11 14:21:58,552 [WARN] DbFile:41 - Overriding database path with different value: C:\Users\varun.s.patil\.stmcufinder\plugins\mcufinder/ => C:\Users\varun.s.patil\.stmcufinder\plugins\mcufinder
2025-10-11 14:21:58,552 [INFO] CrossReferenceDbSqlite:203 - Set database path to: C:\Users\varun.s.patil\.stmcufinder\plugins\mcufinder//mcu/cs/
2025-10-11 14:21:58,575 [INFO] ApplicationProperties:184 - Using Application install path: C:\ST\STM32CubeIDE_1.18.0\STM32CubeIDE\plugins\com.st.stm32cube.common.mx_6.14.0.202502271554
2025-10-11 14:21:58,576 [INFO] PluginManage:196 - Search for loadable plugins [exclusion list=, ]
2025-10-11 14:21:58,578 [INFO] PluginManage:310 - Check plugin analytics
2025-10-11 14:21:58,840 [INFO] AnalyticsPlugin:253 - Accepted Software Licenses: STM32CubeMX.6.14.0
2025-10-11 14:21:58,840 [INFO] AnalyticsPlugin:255 - Accepted CMSIS Pack Licenses: 
2025-10-11 14:21:58,840 [INFO] AnalyticsPlugin:257 - Accepted Firmware Licenses: FW.F4.1.28.0
2025-10-11 14:21:58,870 [INFO] PluginManage:359 - Loaded plugin analytics (category:tool,tabindex:-1)
2025-10-11 14:21:58,870 [INFO] PluginManage:310 - Check plugin cadmodel
2025-10-11 14:21:58,884 [INFO] CADModel:105 - Init CAD model plugin
2025-10-11 14:21:58,885 [INFO] PluginManage:359 - Loaded plugin cadmodel (category:power,tabindex:5)
2025-10-11 14:21:58,885 [INFO] PluginManage:310 - Check plugin clock
2025-10-11 14:21:58,911 [INFO] PluginManage:359 - Loaded plugin clock (category:base,tabindex:2)
2025-10-11 14:21:58,911 [INFO] PluginManage:310 - Check plugin ddr
2025-10-11 14:21:58,919 [INFO] PluginManage:359 - Loaded plugin ddr (category:tool,tabindex:6)
2025-10-11 14:21:58,920 [INFO] PluginManage:310 - Check plugin filemanager
2025-10-11 14:21:59,172 [INFO] PluginManage:359 - Loaded plugin filemanager (category:base,tabindex:10)
2025-10-11 14:21:59,173 [INFO] PluginManage:310 - Check plugin ipmanager
2025-10-11 14:21:59,185 [INFO] PluginManage:359 - Loaded plugin ipmanager (category:base,tabindex:5)
2025-10-11 14:21:59,186 [INFO] PluginManage:310 - Check plugin lpbam
2025-10-11 14:21:59,194 [INFO] PluginManage:359 - Loaded plugin lpbam (category:base,tabindex:0)
2025-10-11 14:21:59,195 [INFO] PluginManage:310 - Check plugin memorymap
2025-10-11 14:21:59,212 [INFO] PluginManage:359 - Loaded plugin memorymap (category:base,tabindex:4)
2025-10-11 14:21:59,212 [INFO] PluginManage:310 - Check plugin pinoutandconfiguration
2025-10-11 14:21:59,221 [INFO] PluginManage:359 - Loaded plugin pinoutandconfiguration (category:base,tabindex:1)
2025-10-11 14:21:59,221 [INFO] PluginManage:310 - Check plugin pinoutconfig
2025-10-11 14:21:59,345 [WARN] SupportedApi:132 - Cannot load RTOS API schema: s4s-elt-must-match.1: The content of 'definitions' must match (annotation?, (simpleType | complexType)?, (unique | key | keyref)*)). A problem was found starting at: attribute.
2025-10-11 14:21:59,464 [INFO] PluginManage:359 - Loaded plugin pinoutconfig (category:base,tabindex:0)
2025-10-11 14:21:59,464 [INFO] PluginManage:310 - Check plugin power
2025-10-11 14:21:59,473 [INFO] PluginManage:359 - Loaded plugin power (category:power,tabindex:4)
2025-10-11 14:21:59,474 [INFO] PluginManage:310 - Check plugin projectmanager
2025-10-11 14:21:59,488 [INFO] PluginManage:359 - Loaded plugin projectmanager (category:projectmanager,tabindex:4)
2025-10-11 14:21:59,489 [INFO] PluginManage:310 - Check plugin rif
2025-10-11 14:21:59,496 [INFO] PluginManage:359 - Loaded plugin rif (category:base,tabindex:3)
2025-10-11 14:21:59,496 [INFO] PluginManage:310 - Check plugin thirdparty
2025-10-11 14:21:59,686 [INFO] PluginManage:359 - Loaded plugin thirdparty (category:base,tabindex:-1)
2025-10-11 14:21:59,685 [WARN] IntegrityCheckThread:84 - waiting for thirdparty lock release [integrity check]
2025-10-11 14:21:59,686 [INFO] IntegrityCheckThread:86 - entering critical section [integrity check]
2025-10-11 14:21:59,686 [INFO] PluginManage:310 - Check plugin tools
2025-10-11 14:21:59,687 [INFO] ThirdPartyUpdaterWithRetryManager:70 - Updater plugin not ready yet. [1/15]
2025-10-11 14:21:59,691 [INFO] PluginManage:359 - Loaded plugin tools (category:base,tabindex:7)
2025-10-11 14:21:59,691 [INFO] PluginManage:310 - Check plugin tutovideos
2025-10-11 14:21:59,854 [INFO] PluginManage:359 - Loaded plugin tutovideos (category:base,tabindex:-1)
2025-10-11 14:21:59,855 [INFO] PluginManage:310 - Check plugin updater
2025-10-11 14:21:59,873 [INFO] PluginManage:359 - Loaded plugin updater (category:base,tabindex:12)
2025-10-11 14:21:59,874 [INFO] PluginManage:310 - Check plugin userauth
2025-10-11 14:21:59,877 [INFO] UserAuth:118 - Init User Auth plugin
2025-10-11 14:21:59,878 [INFO] PluginManage:359 - Loaded plugin userauth (category:base,tabindex:14)
2025-10-11 14:21:59,879 [INFO] PluginManage:283 - PluginManage : Loaded plugins [18]
2025-10-11 14:22:00,156 [INFO] PinOutPanel:1589 - setPackage(No Configuration,No Configuration)
2025-10-11 14:22:00,351 [INFO] CADModel:165 - CPN selected for project level
2025-10-11 14:22:00,351 [INFO] CADModel:114 - Register for checkConnection events
2025-10-11 14:22:00,378 [INFO] IPUIPlugin:80 - create IPUIPlugin
2025-10-11 14:22:00,378 [INFO] PluginManager:220 - loadIPPluginJar : add adc
2025-10-11 14:22:00,382 [INFO] IPUIPlugin:80 - create IPUIPlugin
2025-10-11 14:22:00,382 [INFO] PluginManager:220 - loadIPPluginJar : add aes
2025-10-11 14:22:00,389 [INFO] IPUIPlugin:80 - create IPUIPlugin
2025-10-11 14:22:00,389 [INFO] PluginManager:220 - loadIPPluginJar : add can
2025-10-11 14:22:00,393 [INFO] IPUIPlugin:80 - create IPUIPlugin
2025-10-11 14:22:00,394 [INFO] PluginManager:220 - loadIPPluginJar : add comp
2025-10-11 14:22:00,398 [INFO] IPUIPlugin:80 - create IPUIPlugin
2025-10-11 14:22:00,398 [INFO] PluginManager:220 - loadIPPluginJar : add cryp
2025-10-11 14:22:00,407 [INFO] IPUIPlugin:80 - create IPUIPlugin
2025-10-11 14:22:00,407 [INFO] PluginManager:220 - loadIPPluginJar : add ddr_ctrl_phy
2025-10-11 14:22:00,412 [INFO] IPUIPlugin:80 - create IPUIPlugin
2025-10-11 14:22:00,412 [INFO] PluginManager:220 - loadIPPluginJar : add dfsdm
2025-10-11 14:22:00,420 [INFO] IPUIPlugin:80 - create IPUIPlugin
2025-10-11 14:22:00,421 [INFO] PluginManager:220 - loadIPPluginJar : add dma
2025-10-11 14:22:00,426 [INFO] IPUIPlugin:80 - create IPUIPlugin
2025-10-11 14:22:00,426 [INFO] PluginManager:220 - loadIPPluginJar : add dma3
2025-10-11 14:22:00,432 [INFO] IPUIPlugin:80 - create IPUIPlugin
2025-10-11 14:22:00,433 [INFO] PluginManager:220 - loadIPPluginJar : add extmemmanager
2025-10-11 14:22:00,438 [INFO] IPUIPlugin:80 - create IPUIPlugin
2025-10-11 14:22:00,439 [INFO] PluginManager:220 - loadIPPluginJar : add fatfs
2025-10-11 14:22:00,447 [INFO] IPUIPlugin:80 - create IPUIPlugin
2025-10-11 14:22:00,447 [INFO] PluginManager:220 - loadIPPluginJar : add fmc
2025-10-11 14:22:00,458 [INFO] IPUIPlugin:80 - create IPUIPlugin
2025-10-11 14:22:00,458 [INFO] PluginManager:220 - loadIPPluginJar : add freertos
2025-10-11 14:22:00,463 [INFO] IPUIPlugin:80 - create IPUIPlugin
2025-10-11 14:22:00,463 [INFO] PluginManager:220 - loadIPPluginJar : add genericplugin
2025-10-11 14:22:00,472 [INFO] IPUIPlugin:80 - create IPUIPlugin
2025-10-11 14:22:00,472 [INFO] PluginManager:220 - loadIPPluginJar : add gfxmmu
2025-10-11 14:22:00,483 [INFO] IPUIPlugin:80 - create IPUIPlugin
2025-10-11 14:22:00,483 [INFO] PluginManager:220 - loadIPPluginJar : add gic
2025-10-11 14:22:00,497 [INFO] IPUIPlugin:80 - create IPUIPlugin
2025-10-11 14:22:00,497 [INFO] PluginManager:220 - loadIPPluginJar : add gpio
2025-10-11 14:22:00,506 [INFO] IPUIPlugin:80 - create IPUIPlugin
2025-10-11 14:22:00,506 [INFO] PluginManager:220 - loadIPPluginJar : add gtzc
2025-10-11 14:22:00,515 [INFO] IPUIPlugin:80 - create IPUIPlugin
2025-10-11 14:22:00,516 [INFO] PluginManager:220 - loadIPPluginJar : add hash
2025-10-11 14:22:00,524 [INFO] IPUIPlugin:80 - create IPUIPlugin
2025-10-11 14:22:00,524 [INFO] PluginManager:220 - loadIPPluginJar : add i2c
2025-10-11 14:22:00,534 [INFO] IPUIPlugin:80 - create IPUIPlugin
2025-10-11 14:22:00,534 [INFO] PluginManager:220 - loadIPPluginJar : add i2s
2025-10-11 14:22:00,544 [INFO] IPUIPlugin:80 - create IPUIPlugin
2025-10-11 14:22:00,544 [INFO] PluginManager:220 - loadIPPluginJar : add i3c
2025-10-11 14:22:00,550 [INFO] IPUIPlugin:80 - create IPUIPlugin
2025-10-11 14:22:00,551 [INFO] PluginManager:220 - loadIPPluginJar : add ipddr
2025-10-11 14:22:00,566 [INFO] IPUIPlugin:80 - create IPUIPlugin
2025-10-11 14:22:00,567 [INFO] PluginManager:220 - loadIPPluginJar : add linkedlist
2025-10-11 14:22:00,575 [INFO] IPUIPlugin:80 - create IPUIPlugin
2025-10-11 14:22:00,575 [INFO] PluginManager:220 - loadIPPluginJar : add lorawan
2025-10-11 14:22:00,579 [INFO] IPUIPlugin:80 - create IPUIPlugin
2025-10-11 14:22:00,579 [INFO] PluginManager:220 - loadIPPluginJar : add ltdc
2025-10-11 14:22:00,589 [INFO] IPUIPlugin:80 - create IPUIPlugin
2025-10-11 14:22:00,589 [INFO] PluginManager:220 - loadIPPluginJar : add mdma
2025-10-11 14:22:00,594 [INFO] IPUIPlugin:80 - create IPUIPlugin
2025-10-11 14:22:00,595 [INFO] PluginManager:220 - loadIPPluginJar : add nvic
2025-10-11 14:22:00,601 [INFO] IPUIPlugin:80 - create IPUIPlugin
2025-10-11 14:22:00,601 [INFO] PluginManager:220 - loadIPPluginJar : add opamp
2025-10-11 14:22:00,610 [INFO] IPUIPlugin:80 - create IPUIPlugin
2025-10-11 14:22:00,610 [INFO] PluginManager:220 - loadIPPluginJar : add openamp
2025-10-11 14:22:00,616 [INFO] IPUIPlugin:80 - create IPUIPlugin
2025-10-11 14:22:00,616 [INFO] PluginManager:220 - loadIPPluginJar : add pdm2pcm
2025-10-11 14:22:00,629 [INFO] IPUIPlugin:80 - create IPUIPlugin
2025-10-11 14:22:00,632 [INFO] PluginManager:220 - loadIPPluginJar : add plateformsettings
2025-10-11 14:22:00,639 [INFO] IPUIPlugin:80 - create IPUIPlugin
2025-10-11 14:22:00,640 [INFO] PluginManager:220 - loadIPPluginJar : add quadspi
2025-10-11 14:22:00,643 [INFO] IPUIPlugin:80 - create IPUIPlugin
2025-10-11 14:22:00,644 [INFO] PluginManager:220 - loadIPPluginJar : add radio
2025-10-11 14:22:00,658 [INFO] IPUIPlugin:80 - create IPUIPlugin
2025-10-11 14:22:00,658 [INFO] PluginManager:220 - loadIPPluginJar : add resmgrutility
2025-10-11 14:22:00,666 [INFO] IPUIPlugin:80 - create IPUIPlugin
2025-10-11 14:22:00,666 [INFO] PluginManager:220 - loadIPPluginJar : add sai
2025-10-11 14:22:00,675 [INFO] IPUIPlugin:80 - create IPUIPlugin
2025-10-11 14:22:00,675 [INFO] PluginManager:220 - loadIPPluginJar : add spi
2025-10-11 14:22:00,685 [INFO] IPUIPlugin:80 - create IPUIPlugin
2025-10-11 14:22:00,686 [INFO] PluginManager:220 - loadIPPluginJar : add stm32_wpan
2025-10-11 14:22:00,690 [INFO] IPUIPlugin:80 - create IPUIPlugin
2025-10-11 14:22:00,690 [INFO] PluginManager:220 - loadIPPluginJar : add tim
2025-10-11 14:22:00,695 [INFO] IPUIPlugin:80 - create IPUIPlugin
2025-10-11 14:22:00,695 [INFO] PluginManager:220 - loadIPPluginJar : add touchsensing
2025-10-11 14:22:00,701 [INFO] IPUIPlugin:80 - create IPUIPlugin
2025-10-11 14:22:00,701 [INFO] PluginManager:220 - loadIPPluginJar : add tracer_emb
2025-10-11 14:22:00,705 [INFO] IPUIPlugin:80 - create IPUIPlugin
2025-10-11 14:22:00,705 [INFO] PluginManager:220 - loadIPPluginJar : add ts
2025-10-11 14:22:00,708 [INFO] IPUIPlugin:80 - create IPUIPlugin
2025-10-11 14:22:00,709 [INFO] PluginManager:220 - loadIPPluginJar : add tsc
2025-10-11 14:22:00,713 [INFO] IPUIPlugin:80 - create IPUIPlugin
2025-10-11 14:22:00,714 [INFO] PluginManager:220 - loadIPPluginJar : add ucpd
2025-10-11 14:22:00,719 [INFO] IPUIPlugin:80 - create IPUIPlugin
2025-10-11 14:22:00,719 [INFO] PluginManager:220 - loadIPPluginJar : add usart
2025-10-11 14:22:00,726 [INFO] IPUIPlugin:80 - create IPUIPlugin
2025-10-11 14:22:00,726 [INFO] PluginManager:220 - loadIPPluginJar : add usbx
2025-10-11 14:22:00,959 [FATAL] Updater:351 - Updater called before beeing initialized
2025-10-11 14:22:01,009 [INFO] RulesReader:64 - Compatibility file has been processed (301 Rules)
2025-10-11 14:22:01,028 [INFO] RulesReader:64 - Compatibility file has been processed (301 Rules)
2025-10-11 14:22:01,051 [INFO] CADModel:165 - CPN selected for project level
2025-10-11 14:22:01,051 [INFO] CADModel:114 - Register for checkConnection events
2025-10-11 14:22:01,052 [FATAL] Updater:351 - Updater called before beeing initialized
2025-10-11 14:22:01,052 [ERROR] CADModel:125 - Updater not yet initialized, retry later 
2025-10-11 14:22:01,422 [FATAL] Updater:351 - Updater called before beeing initialized
2025-10-11 14:22:01,425 [INFO] CADModel:165 - CPN selected for project level
2025-10-11 14:22:01,426 [INFO] CADModel:114 - Register for checkConnection events
2025-10-11 14:22:01,426 [FATAL] Updater:351 - Updater called before beeing initialized
2025-10-11 14:22:01,426 [ERROR] CADModel:125 - Updater not yet initialized, retry later 
2025-10-11 14:22:01,431 [FATAL] Updater:351 - Updater called before beeing initialized
2025-10-11 14:22:01,839 [FATAL] Updater:351 - Updater called before beeing initialized
2025-10-11 14:22:01,876 [INFO] DbMcusAds:53 - JSON generation date=Thu Oct 02 15:06:05 IST 2025 (1759397765645)
2025-10-11 14:22:01,877 [FATAL] Updater:351 - Updater called before beeing initialized
2025-10-11 14:22:02,040 [WARN] DetailPanel:346 - Failed to get advertising image, set to default
2025-10-11 14:22:02,693 [INFO] ThirdPartyUpdaterWithRetryManager:70 - Updater plugin not ready yet. [2/15]
2025-10-11 14:22:02,857 [FATAL] Updater:351 - Updater called before beeing initialized
2025-10-11 14:22:02,862 [FATAL] Updater:351 - Updater called before beeing initialized
2025-10-11 14:22:02,862 [FATAL] Updater:351 - Updater called before beeing initialized
2025-10-11 14:22:02,862 [WARN] DetailPanel:346 - Failed to get advertising image, set to default
2025-10-11 14:22:02,867 [FATAL] Updater:351 - Updater called before beeing initialized
2025-10-11 14:22:03,011 [ERROR] Updater:1198 - MainUpdater not yet initialized. External WinMGr cannot be set.
2025-10-11 14:22:03,018 [INFO] Updater:1134 - Updater Version found : 6.14.0
2025-10-11 14:22:03,068 [INFO] ApplicationProperties:184 - Using Application install path: C:\ST\STM32CubeIDE_1.18.0\STM32CubeIDE\plugins\com.st.stm32cube.common.mx_6.14.0.202502271554
2025-10-11 14:22:04,743 [ERROR] LogOutputStream:75 - [STDERR_REDIRECT] Oct 11, 2025 2:22:04 PM java.util.prefs.WindowsPreferences <init>
2025-10-11 14:22:04,748 [ERROR] LogOutputStream:75 - [STDERR_REDIRECT] WARNING: Could not open/create prefs root node Software\JavaSoft\Prefs at root 0xffffffff80000002. Windows RegCreateKeyEx(...) returned error code 5.
2025-10-11 14:22:04,748 [ERROR] LogOutputStream:75 - [STDERR_REDIRECT] 
2025-10-11 14:22:05,693 [FATAL] Updater:351 - Updater called before beeing initialized
2025-10-11 14:22:05,694 [ERROR] IntegrityCheckThread:130 - Cannot retrieve database content from updater: error 21
2025-10-11 14:22:05,694 [INFO] ThirdParty:978 - Integrity check success = false
2025-10-11 14:22:05,694 [INFO] IntegrityCheckThread:100 - exiting critical section [integrity check]
2025-10-11 14:22:05,694 [INFO] IntegrityCheckThread:103 - End integrity checks thread
2025-10-11 14:22:05,847 [INFO] MainUpdater:2872 - connection check result : 10
2025-10-11 14:22:05,847 [INFO] MainUpdater:289 - Updater Check For Update Now.
2025-10-11 14:22:05,847 [INFO] MicroXplorer:498 - Change Database Version : DB.6.0.140
2025-10-11 14:22:05,998 [INFO] McuFinderGlobals:63 - Set McuFinder mode to 2 (CubeIDE integrated)
2025-10-11 14:22:06,006 [INFO] UserAuth:486 - Internet connection configuration mode: 1
2025-10-11 14:22:06,171 [INFO] JxBrowserEngine:152 - Initiate JxBrowser Engine with user profile folder
2025-10-11 14:22:06,387 [INFO] CheckServerUpdateThread:120 - End of CheckServer Thread
2025-10-11 14:22:08,205 [INFO] WebApp:169 - Instantiating new browser for Auth
2025-10-11 14:22:10,135 [INFO] WebApp:463 - Apply proxy settings
2025-10-11 14:22:10,136 [INFO] WebApp:548 - Chromium requires no authentication
2025-10-11 14:22:10,154 [INFO] WebApp:491 - Direct internet connection detected
2025-10-11 14:22:10,203 [INFO] WebApp:894 - Register for checkConnection events
2025-10-11 14:22:10,204 [INFO] WebApp:463 - Apply proxy settings
2025-10-11 14:22:10,204 [INFO] WebApp:548 - Chromium requires no authentication
2025-10-11 14:22:10,205 [INFO] WebApp:491 - Direct internet connection detected
2025-10-11 14:22:10,543 [INFO] WebApp:225 - Starting web application
2025-10-11 14:22:10,544 [INFO] WebApp:593 - Web application path used C:\ST\STM32CubeIDE_1.18.0\STM32CubeIDE\plugins\com.st.stm32cube.common.mx_6.14.0.202502271554\db\plugins\mcufinder\reactClient1\index.html
2025-10-11 14:22:10,607 [INFO] WebApp:191 - Connection restablished
2025-10-11 14:22:10,724 [INFO] UserAuth:486 - Internet connection configuration mode: 1
